10 35 1e-05 27 2e-06 27 1e-06
10 41 2e-06 30 3e-06 30 1e-06
10 55 2e-06 31 2e-06 31 3e-06
10 31 2e-06 24 2e-06 24 1e-06
10 40 2e-06 30 1e-06 30 2e-06
50 211 2e-06 174 5e-06 174 5e-06
50 201 1e-06 164 3e-06 165 4e-06
50 205 1e-06 166 3e-06 166 4e-06
50 211 2e-06 180 4e-06 172 4e-06
50 189 1e-06 150 3e-06 149 5e-06
100 423 2e-06 353 6e-06 350 9e-06
100 409 1e-06 326 5e-06 323 8e-06
100 391 1e-06 330 6e-06 331 9e-06
100 429 1e-06 345 6e-06 344 9e-06
100 437 1e-06 363 7e-06 366 8e-06
500 2223 4e-06 1786 6.8e-05 1782 0.000104
500 2076 4e-06 1601 6.4e-05 1607 9.6e-05
500 2062 4e-06 1621 6.6e-05 1604 0.000107
500 1991 4e-06 1556 5.9e-05 1559 9.1e-05
500 2207 2e-06 1744 6.4e-05 1745 9.5e-05
1000 4085 6e-06 3097 0.000224 3081 0.000593
1000 4204 1.2e-05 3249 0.00044 3228 0.000652
1000 4184 1.2e-05 3227 0.000405 3221 0.000534
1000 4217 9e-06 3263 0.000362 3256 0.000553
1000 4220 9e-06 3188 0.000365 3176 0.000508
3000 12745 2.4e-05 9580 0.00254 9525 0.003639
3000 12750 2.5e-05 9410 0.00227 9406 0.003064
3000 12534 1.9e-05 9466 0.002145 9429 0.002876
3000 12704 2.1e-05 9550 0.002132 9549 0.002593
3000 12376 1.9e-05 9323 0.001834 9312 0.002651
5000 21159 2.9e-05 15584 0.004454 15626 0.005823
5000 20915 2.4e-05 15489 0.003967 15433 0.00525
5000 21084 2.1e-05 15546 0.003508 15583 0.004431
5000 20950 1.9e-05 15424 0.003201 15379 0.004228
5000 21203 1.7e-05 15803 0.003038 15773 0.003948
8000 33747 2.5e-05 24645 0.006733 24547 0.008355
8000 33722 2.3e-05 24542 0.005917 24475 0.007478
8000 34278 2.1e-05 25204 0.005731 25155 0.007471
8000 33512 2.1e-05 24741 0.005564 24761 0.00712
8000 33191 2.1e-05 24389 0.005655 24321 0.007397
10000 42053 2.6e-05 30760 0.008604 30663 0.011236
10000 42164 2.6e-05 30657 0.008668 30632 0.011315
10000 42304 2.6e-05 30967 0.008669 30979 0.010859
10000 41531 2.6e-05 30148 0.00858 30158 0.010815
10000 42314 2.5e-05 30888 0.008764 30881 0.011303
